{"numTotalTestSuites":401,"numPassedTestSuites":381,"numFailedTestSuites":20,"numPendingTestSuites":0,"numTotalTests":1231,"numPassedTests":1224,"numFailedTests":7,"numPendingTests":0,"numTodoTests":0,"snapshot":{"added":0,"failure":false,"filesAdded":0,"filesRemoved":0,"filesRemovedList":[],"filesUnmatched":0,"filesUpdated":0,"matched":0,"total":0,"unchecked":0,"uncheckedKeysByFile":[],"unmatched":0,"updated":0,"didUpdate":false},"startTime":1761370080700,"success":false,"testResults":[{"assertionResults":[{"ancestorTitles":["i18n testing stub"],"fullName":"i18n testing stub returns keys as translations by default","status":"passed","title":"returns keys as translations by default","duration":1.7201000000000022,"failureMessages":[],"meta":{}},{"ancestorTitles":["i18n testing stub"],"fullName":"i18n testing stub updates locale store when setLocale is called","status":"passed","title":"updates locale store when setLocale is called","duration":0.34579999999982647,"failureMessages":[],"meta":{}},{"ancestorTitles":["i18n testing stub"],"fullName":"i18n testing stub t store provides a function that mirrors translation behavior","status":"passed","title":"t store provides a function that mirrors translation behavior","duration":0.5204000000001088,"failureMessages":[],"meta":{}}],"startTime":1761370162552,"endTime":1761370162554.5205,"status":"passed","message":"","name":"/home/user/ccpvj/Front/src/lib/i18n.test.ts"},{"assertionResults":[{"ancestorTitles":["AnalyticsService","getSummary"],"fullName":"AnalyticsService getSummary should fetch analytics summary successfully","status":"passed","title":"should fetch analytics summary successfully","duration":7.071776999999884,"failureMessages":[],"meta":{}},{"ancestorTitles":["AnalyticsService","getSummary"],"fullName":"AnalyticsService getSummary should handle empty summary","status":"passed","title":"should handle empty summary","duration":1.2571960000000217,"failureMessages":[],"meta":{}},{"ancestorTitles":["AnalyticsService","getSummary"],"fullName":"AnalyticsService getSummary should throw error when fetch fails","status":"passed","title":"should throw error when fetch fails","duration":2.528491000000031,"failureMessages":[],"meta":{}},{"ancestorTitles":["AnalyticsService","getVisitorsChart"],"fullName":"AnalyticsService getVisitorsChart should fetch visitors chart with default 30 days","status":"passed","title":"should fetch visitors chart with default 30 days","duration":1.803295000000162,"failureMessages":[],"meta":{}},{"ancestorTitles":["AnalyticsService","getVisitorsChart"],"fullName":"AnalyticsService getVisitorsChart should fetch visitors chart with custom days","status":"passed","title":"should fetch visitors chart with custom days","duration":1.046196000000009,"failureMessages":[],"meta":{}},{"ancestorTitles":["AnalyticsService","getVisitorsChart"],"fullName":"AnalyticsService getVisitorsChart should handle empty chart data","status":"passed","title":"should handle empty chart data","duration":0.9776970000000347,"failureMessages":[],"meta":{}},{"ancestorTitles":["AnalyticsService","getVisitorsChart"],"fullName":"AnalyticsService getVisitorsChart should fetch chart for large number of days","status":"passed","title":"should fetch chart for large number of days","duration":1.276495999999952,"failureMessages":[],"meta":{}},{"ancestorTitles":["AnalyticsService","getVisitorsChart"],"fullName":"AnalyticsService getVisitorsChart should throw error when fetch fails","status":"passed","title":"should throw error when fetch fails","duration":0.9105970000000525,"failureMessages":[],"meta":{}},{"ancestorTitles":["AnalyticsService","getTopDownloads"],"fullName":"AnalyticsService getTopDownloads should fetch top downloads with default limit 5","status":"passed","title":"should fetch top downloads with default limit 5","duration":1.698893999999882,"failureMessages":[],"meta":{}},{"ancestorTitles":["AnalyticsService","getTopDownloads"],"fullName":"AnalyticsService getTopDownloads should fetch top downloads with custom limit","status":"passed","title":"should fetch top downloads with custom limit","duration":1.2984960000001138,"failureMessages":[],"meta":{}},{"ancestorTitles":["AnalyticsService","getTopDownloads"],"fullName":"AnalyticsService getTopDownloads should handle empty top downloads","status":"passed","title":"should handle empty top downloads","duration":0.968796999999995,"failureMessages":[],"meta":{}},{"ancestorTitles":["AnalyticsService","getTopDownloads"],"fullName":"AnalyticsService getTopDownloads should fetch top downloads with large limit","status":"passed","title":"should fetch top downloads with large limit","duration":1.077596000000085,"failureMessages":[],"meta":{}},{"ancestorTitles":["AnalyticsService","getTopDownloads"],"fullName":"AnalyticsService getTopDownloads should throw error when fetch fails","status":"passed","title":"should throw error when fetch fails","duration":1.0401970000000347,"failureMessages":[],"meta":{}},{"ancestorTitles":["AnalyticsService","trackVisitor"],"fullName":"AnalyticsService trackVisitor should track visitor successfully","status":"passed","title":"should track visitor successfully","duration":1.6528950000001714,"failureMessages":[],"meta":{}},{"ancestorTitles":["AnalyticsService","trackVisitor"],"fullName":"AnalyticsService trackVisitor should track different page visits","status":"passed","title":"should track different page visits","duration":0.7908970000000863,"failureMessages":[],"meta":{}},{"ancestorTitles":["AnalyticsService","trackVisitor"],"fullName":"AnalyticsService trackVisitor should track visitor with query parameters","status":"passed","title":"should track visitor with query parameters","duration":0.9952970000001642,"failureMessages":[],"meta":{}},{"ancestorTitles":["AnalyticsService","trackVisitor"],"fullName":"AnalyticsService trackVisitor should track visitor with special characters in path","status":"passed","title":"should track visitor with special characters in path","duration":1.046096000000034,"failureMessages":[],"meta":{}},{"ancestorTitles":["AnalyticsService","trackVisitor"],"fullName":"AnalyticsService trackVisitor should throw error when tracking fails","status":"passed","title":"should throw error when tracking fails","duration":0.7444980000000214,"failureMessages":[],"meta":{}},{"ancestorTitles":["AnalyticsService","trackVisitor"],"fullName":"AnalyticsService trackVisitor should send correct headers for visitor tracking","status":"passed","title":"should send correct headers for visitor tracking","duration":1.100496000000021,"failureMessages":[],"meta":{}},{"ancestorTitles":["AnalyticsService","trackDownload"],"fullName":"AnalyticsService trackDownload should track download with all parameters","status":"passed","title":"should track download with all parameters","duration":1.1184959999998227,"failureMessages":[],"meta":{}},{"ancestorTitles":["AnalyticsService","trackDownload"],"fullName":"AnalyticsService trackDownload should track download without optional parameters","status":"passed","title":"should track download without optional parameters","duration":1.3148960000000898,"failureMessages":[],"meta":{}},{"ancestorTitles":["AnalyticsService","trackDownload"],"fullName":"AnalyticsService trackDownload should track downloads of different resource types","status":"passed","title":"should track downloads of different resource types","duration":0.6128980000000865,"failureMessages":[],"meta":{}},{"ancestorTitles":["AnalyticsService","trackDownload"],"fullName":"AnalyticsService trackDownload should track download with large file size","status":"passed","title":"should track download with large file size","duration":0.9258970000000772,"failureMessages":[],"meta":{}},{"ancestorTitles":["AnalyticsService","trackDownload"],"fullName":"AnalyticsService trackDownload should track download with special characters in filename","status":"passed","title":"should track download with special characters in filename","duration":0.8617970000000241,"failureMessages":[],"meta":{}},{"ancestorTitles":["AnalyticsService","trackDownload"],"fullName":"AnalyticsService trackDownload should throw error when tracking fails","status":"passed","title":"should throw error when tracking fails","duration":0.8661970000000565,"failureMessages":[],"meta":{}},{"ancestorTitles":["AnalyticsService","trackDownload"],"fullName":"AnalyticsService trackDownload should send correct headers for download tracking","status":"passed","title":"should send correct headers for download tracking","duration":5.088583999999855,"failureMessages":[],"meta":{}},{"ancestorTitles":["AnalyticsService","Edge Cases"],"fullName":"AnalyticsService Edge Cases should handle network errors gracefully","status":"passed","title":"should handle network errors gracefully","duration":1.167695999999978,"failureMessages":[],"meta":{}},{"ancestorTitles":["AnalyticsService","Edge Cases"],"fullName":"AnalyticsService Edge Cases should handle malformed JSON responses","status":"passed","title":"should handle malformed JSON responses","duration":0.7927970000000641,"failureMessages":[],"meta":{}},{"ancestorTitles":["AnalyticsService","Edge Cases"],"fullName":"AnalyticsService Edge Cases should handle 500 server errors","status":"passed","title":"should handle 500 server errors","duration":0.8523979999999938,"failureMessages":[],"meta":{}},{"ancestorTitles":["AnalyticsService","Edge Cases"],"fullName":"AnalyticsService Edge Cases should handle 404 not found errors","status":"passed","title":"should handle 404 not found errors","duration":1.0306969999999183,"failureMessages":[],"meta":{}}],"startTime":1761370161712,"endTime":1761370161757.0308,"status":"passed","message":"","name":"/home/user/ccpvj/Front/src/lib/application/services/analytics/__tests__/analyticsService.test.ts"},{"assertionResults":[{"ancestorTitles":["JwtService","Token Management"],"fullName":"JwtService Token Management should store and retrieve token","status":"passed","title":"should store and retrieve token","duration":2.0668000000000575,"failureMessages":[],"meta":{}},{"ancestorTitles":["JwtService","Token Management"],"fullName":"JwtService Token Management should remove token correctly","status":"passed","title":"should remove token correctly","duration":0.3406999999999698,"failureMessages":[],"meta":{}},{"ancestorTitles":["JwtService","Token Management"],"fullName":"JwtService Token Management should return null when no token exists","status":"passed","title":"should return null when no token exists","duration":0.315900000000056,"failureMessages":[],"meta":{}},{"ancestorTitles":["JwtService","User Management"],"fullName":"JwtService User Management should store and retrieve user info","status":"passed","title":"should store and retrieve user info","duration":0.7890999999999622,"failureMessages":[],"meta":{}},{"ancestorTitles":["JwtService","User Management"],"fullName":"JwtService User Management should parse user from stored JSON","status":"passed","title":"should parse user from stored JSON","duration":0.274599999999964,"failureMessages":[],"meta":{}},{"ancestorTitles":["JwtService","Authentication Validation"],"fullName":"JwtService Authentication Validation should return false when no token exists","status":"passed","title":"should return false when no token exists","duration":0.2260999999998603,"failureMessages":[],"meta":{}},{"ancestorTitles":["JwtService","Authentication Validation"],"fullName":"JwtService Authentication Validation should return false when token exists but no user","status":"passed","title":"should return false when token exists but no user","duration":0.2112000000001899,"failureMessages":[],"meta":{}},{"ancestorTitles":["JwtService","Authentication Validation"],"fullName":"JwtService Authentication Validation should validate authentication with valid token and user","status":"passed","title":"should validate authentication with valid token and user","duration":0.4697999999998501,"failureMessages":[],"meta":{}},{"ancestorTitles":["JwtService","Role Validation"],"fullName":"JwtService Role Validation should correctly identify admin role","status":"passed","title":"should correctly identify admin role","duration":0.38619999999991705,"failureMessages":[],"meta":{}},{"ancestorTitles":["JwtService","Role Validation"],"fullName":"JwtService Role Validation should correctly identify collaborator role","status":"passed","title":"should correctly identify collaborator role","duration":0.28660000000013497,"failureMessages":[],"meta":{}},{"ancestorTitles":["JwtService","Role Validation"],"fullName":"JwtService Role Validation should reject wrong role","status":"passed","title":"should reject wrong role","duration":0.2602000000001681,"failureMessages":[],"meta":{}},{"ancestorTitles":["JwtService","Token Expiration"],"fullName":"JwtService Token Expiration should detect expired token","status":"passed","title":"should detect expired token","duration":0.2764999999999418,"failureMessages":[],"meta":{}},{"ancestorTitles":["JwtService","Token Expiration"],"fullName":"JwtService Token Expiration should get token expiration date","status":"passed","title":"should get token expiration date","duration":0.3891000000000986,"failureMessages":[],"meta":{}},{"ancestorTitles":["JwtService","Token Expiration"],"fullName":"JwtService Token Expiration should calculate time until expiration","status":"passed","title":"should calculate time until expiration","duration":0.45499999999992724,"failureMessages":[],"meta":{}},{"ancestorTitles":["JwtService","Token Expiration"],"fullName":"JwtService Token Expiration should detect token expiring soon","status":"passed","title":"should detect token expiring soon","duration":0.21200000000021646,"failureMessages":[],"meta":{}},{"ancestorTitles":["JwtService","Authorization Header"],"fullName":"JwtService Authorization Header should generate correct auth header","status":"passed","title":"should generate correct auth header","duration":0.26040000000011787,"failureMessages":[],"meta":{}},{"ancestorTitles":["JwtService","Authorization Header"],"fullName":"JwtService Authorization Header should return empty object when no token","status":"passed","title":"should return empty object when no token","duration":0.14049999999997453,"failureMessages":[],"meta":{}}],"startTime":1761370162399,"endTime":1761370162407.1404,"status":"passed","message":"","name":"/home/user/ccpvj/Front/src/lib/application/services/auth/__tests__/jwtService.test.ts"},{"assertionResults":[{"ancestorTitles":["blogPostElementService"],"fullName":"blogPostElementService should adapt elements returned by the backend","status":"passed","title":"should adapt elements returned by the backend","duration":5.35570000000007,"failureMessages":[],"meta":{}},{"ancestorTitles":["blogPostElementService"],"fullName":"blogPostElementService should return empty array when backend responds with non-array","status":"passed","title":"should return empty array when backend responds with non-array","duration":0.7857000000001335,"failureMessages":[],"meta":{}},{"ancestorTitles":["blogPostElementService"],"fullName":"blogPostElementService should post new elements and adapt the response","status":"passed","title":"should post new elements and adapt the response","duration":1.0455999999999221,"failureMessages":[],"meta":{}},{"ancestorTitles":["blogPostElementService"],"fullName":"blogPostElementService should update existing elements","status":"passed","title":"should update existing elements","duration":0.7405999999998585,"failureMessages":[],"meta":{}},{"ancestorTitles":["blogPostElementService"],"fullName":"blogPostElementService should delete elements without returning payload","status":"passed","title":"should delete elements without returning payload","duration":0.7306999999998425,"failureMessages":[],"meta":{}},{"ancestorTitles":["blogPostElementService"],"fullName":"blogPostElementService should handle unauthorized responses by redirecting to login","status":"passed","title":"should handle unauthorized responses by redirecting to login","duration":1.6648999999999887,"failureMessages":[],"meta":{}},{"ancestorTitles":["blogPostElementService"],"fullName":"blogPostElementService should create elements in batch","status":"passed","title":"should create elements in batch","duration":1.0436999999999443,"failureMessages":[],"meta":{}},{"ancestorTitles":["blogPostElementService"],"fullName":"blogPostElementService should delete all elements by blog post id","status":"passed","title":"should delete all elements by blog post id","duration":0.5253000000000156,"failureMessages":[],"meta":{}}],"startTime":1761370162277,"endTime":1761370162288.5254,"status":"passed","message":"","name":"/home/user/ccpvj/Front/src/lib/application/services/blog/__tests__/blogPostElementService.test.ts"},{"assertionResults":[{"ancestorTitles":["BlogService","GET Operations (Public)"],"fullName":"BlogService GET Operations (Public) should get all blog posts without authentication","status":"passed","title":"should get all blog posts without authentication","duration":9.150270000000091,"failureMessages":[],"meta":{}},{"ancestorTitles":["BlogService","GET Operations (Public)"],"fullName":"BlogService GET Operations (Public) should get blog post by slug without authentication","status":"passed","title":"should get blog post by slug without authentication","duration":1.7019940000000133,"failureMessages":[],"meta":{}},{"ancestorTitles":["BlogService","GET Operations (Public)"],"fullName":"BlogService GET Operations (Public) should get featured blog posts","status":"passed","title":"should get featured blog posts","duration":1.7885940000001028,"failureMessages":[],"meta":{}},{"ancestorTitles":["BlogService","GET Operations (Public)"],"fullName":"BlogService GET Operations (Public) should return null when blog post not found","status":"passed","title":"should return null when blog post not found","duration":0.7965979999999035,"failureMessages":[],"meta":{}},{"ancestorTitles":["BlogService","CREATE Operations (Protected)"],"fullName":"BlogService CREATE Operations (Protected) should create blog post with JWT token","status":"passed","title":"should create blog post with JWT token","duration":2.5389920000000075,"failureMessages":[],"meta":{}},{"ancestorTitles":["BlogService","CREATE Operations (Protected)"],"fullName":"BlogService CREATE Operations (Protected) should reject create without valid JWT","status":"passed","title":"should reject create without valid JWT","duration":4.4952850000001945,"failureMessages":[],"meta":{}},{"ancestorTitles":["BlogService","UPDATE Operations (Protected)"],"fullName":"BlogService UPDATE Operations (Protected) should update blog post with JWT","status":"passed","title":"should update blog post with JWT","duration":2.0683930000000146,"failureMessages":[],"meta":{}},{"ancestorTitles":["BlogService","DELETE Operations (Protected)"],"fullName":"BlogService DELETE Operations (Protected) should delete blog post with JWT","status":"passed","title":"should delete blog post with JWT","duration":1.7197949999999764,"failureMessages":[],"meta":{}},{"ancestorTitles":["BlogService","Data Transformation"],"fullName":"BlogService Data Transformation should extract text content from elements","status":"passed","title":"should extract text content from elements","duration":1.200996000000032,"failureMessages":[],"meta":{}},{"ancestorTitles":["BlogService","Data Transformation"],"fullName":"BlogService Data Transformation should extract featured media from elements","status":"passed","title":"should extract featured media from elements","duration":0.9997960000000603,"failureMessages":[],"meta":{}},{"ancestorTitles":["BlogService","Data Transformation"],"fullName":"BlogService Data Transformation should parse tags from string","status":"passed","title":"should parse tags from string","duration":1.465195999999878,"failureMessages":[],"meta":{}},{"ancestorTitles":["BlogService","Data Transformation"],"fullName":"BlogService Data Transformation should handle array tags","status":"passed","title":"should handle array tags","duration":0.7459969999999885,"failureMessages":[],"meta":{}},{"ancestorTitles":["BlogService","Data Transformation"],"fullName":"BlogService Data Transformation should convert Unix timestamps to ISO dates","status":"passed","title":"should convert Unix timestamps to ISO dates","duration":1.0080970000001344,"failureMessages":[],"meta":{}},{"ancestorTitles":["BlogService","Error Handling"],"fullName":"BlogService Error Handling should handle network errors","status":"passed","title":"should handle network errors","duration":1.296395000000075,"failureMessages":[],"meta":{}},{"ancestorTitles":["BlogService","Error Handling"],"fullName":"BlogService Error Handling should handle 500 server errors","status":"passed","title":"should handle 500 server errors","duration":1.0192970000000514,"failureMessages":[],"meta":{}},{"ancestorTitles":["BlogService","Error Handling"],"fullName":"BlogService Error Handling should handle unauthorized access","status":"passed","title":"should handle unauthorized access","duration":0.9548970000000736,"failureMessages":[],"meta":{}}],"startTime":1761370161888,"endTime":1761370161921.9548,"status":"passed","message":"","name":"/home/user/ccpvj/Front/src/lib/application/services/blog/__tests__/blogService.test.ts"},{"assertionResults":[{"ancestorTitles":["CalendarService","GET Operations (Public)"],"fullName":"CalendarService GET Operations (Public) should get all events without authentication","status":"passed","title":"should get all events without authentication","duration":6.104799999999841,"failureMessages":[],"meta":{}},{"ancestorTitles":["CalendarService","GET Operations (Public)"],"fullName":"CalendarService GET Operations (Public) should get event by ID without authentication","status":"passed","title":"should get event by ID without authentication","duration":1.8987999999999374,"failureMessages":[],"meta":{}},{"ancestorTitles":["CalendarService","GET Operations (Public)"],"fullName":"CalendarService GET Operations (Public) should get upcoming events","status":"passed","title":"should get upcoming events","duration":2.332499999999982,"failureMessages":[],"meta":{}},{"ancestorTitles":["CalendarService","GET Operations (Public)"],"fullName":"CalendarService GET Operations (Public) should get events by date range","status":"passed","title":"should get events by date range","duration":1.8790999999998803,"failureMessages":[],"meta":{}},{"ancestorTitles":["CalendarService","GET Operations (Public)"],"fullName":"CalendarService GET Operations (Public) should get featured events","status":"passed","title":"should get featured events","duration":1.6019999999998618,"failureMessages":[],"meta":{}},{"ancestorTitles":["CalendarService","CREATE Operations (Protected)"],"fullName":"CalendarService CREATE Operations (Protected) should create event with JWT token","status":"passed","title":"should create event with JWT token","duration":2.7443000000000666,"failureMessages":[],"meta":{}},{"ancestorTitles":["CalendarService","CREATE Operations (Protected)"],"fullName":"CalendarService CREATE Operations (Protected) should create recurring event","status":"passed","title":"should create recurring event","duration":0.9435000000000855,"failureMessages":[],"meta":{}},{"ancestorTitles":["CalendarService","CREATE Operations (Protected)"],"fullName":"CalendarService CREATE Operations (Protected) should reject create without valid JWT","status":"passed","title":"should reject create without valid JWT","duration":10.928900000000112,"failureMessages":[],"meta":{}},{"ancestorTitles":["CalendarService","UPDATE Operations (Protected)"],"fullName":"CalendarService UPDATE Operations (Protected) should update event with JWT","status":"passed","title":"should update event with JWT","duration":2.1031000000000404,"failureMessages":[],"meta":{}},{"ancestorTitles":["CalendarService","DELETE Operations (Protected)"],"fullName":"CalendarService DELETE Operations (Protected) should delete event with JWT","status":"passed","title":"should delete event with JWT","duration":1.7859000000000833,"failureMessages":[],"meta":{}},{"ancestorTitles":["CalendarService","Event Registration"],"fullName":"CalendarService Event Registration should register for event","status":"passed","title":"should register for event","duration":1.756399999999985,"failureMessages":[],"meta":{}},{"ancestorTitles":["CalendarService","Event Registration"],"fullName":"CalendarService Event Registration should cancel event registration","status":"passed","title":"should cancel event registration","duration":1.1955000000000382,"failureMessages":[],"meta":{}},{"ancestorTitles":["CalendarService","Date Handling"],"fullName":"CalendarService Date Handling should convert Unix timestamps to Date objects","status":"passed","title":"should convert Unix timestamps to Date objects","duration":0.993199999999888,"failureMessages":[],"meta":{}},{"ancestorTitles":["CalendarService","Date Handling"],"fullName":"CalendarService Date Handling should handle all-day events","status":"passed","title":"should handle all-day events","duration":0.9406999999998789,"failureMessages":[],"meta":{}},{"ancestorTitles":["CalendarService","Error Handling"],"fullName":"CalendarService Error Handling should handle network errors","status":"passed","title":"should handle network errors","duration":5.125800000000027,"failureMessages":[],"meta":{}},{"ancestorTitles":["CalendarService","Error Handling"],"fullName":"CalendarService Error Handling should handle 404 errors","status":"passed","title":"should handle 404 errors","duration":0.8804000000000087,"failureMessages":[],"meta":{}},{"ancestorTitles":["CalendarService","Error Handling"],"fullName":"CalendarService Error Handling should handle unauthorized access","status":"passed","title":"should handle unauthorized access","duration":1.5276000000001204,"failureMessages":[],"meta":{}}],"startTime":1761370160260,"endTime":1761370160306.5276,"status":"passed","message":"","name":"/home/user/ccpvj/Front/src/lib/application/services/calendar/__tests__/calendarService.test.ts"},{"assertionResults":[{"ancestorTitles":["DigitalLibraryService","GET operations (public)"],"fullName":"DigitalLibraryService GET operations (public) should fetch all library items without filters","status":"passed","title":"should fetch all library items without filters","duration":8.146074000000226,"failureMessages":[],"meta":{}},{"ancestorTitles":["DigitalLibraryService","GET operations (public)"],"fullName":"DigitalLibraryService GET operations (public) should fetch library items with search query","status":"passed","title":"should fetch library items with search query","duration":1.7159950000000208,"failureMessages":[],"meta":{}},{"ancestorTitles":["DigitalLibraryService","GET operations (public)"],"fullName":"DigitalLibraryService GET operations (public) should fetch library items with fileType filter","status":"passed","title":"should fetch library items with fileType filter","duration":1.4859950000000026,"failureMessages":[],"meta":{}},{"ancestorTitles":["DigitalLibraryService","GET operations (public)"],"fullName":"DigitalLibraryService GET operations (public) should fetch library items with pagination","status":"passed","title":"should fetch library items with pagination","duration":1.6043950000000677,"failureMessages":[],"meta":{}},{"ancestorTitles":["DigitalLibraryService","GET operations (public)"],"fullName":"DigitalLibraryService GET operations (public) should fetch a specific library item by ID","status":"passed","title":"should fetch a specific library item by ID","duration":2.412892000000056,"failureMessages":[],"meta":{}},{"ancestorTitles":["DigitalLibraryService","GET operations (public)"],"fullName":"DigitalLibraryService GET operations (public) should fetch library statistics","status":"passed","title":"should fetch library statistics","duration":1.0524970000001304,"failureMessages":[],"meta":{}},{"ancestorTitles":["DigitalLibraryService","GET operations (public)"],"fullName":"DigitalLibraryService GET operations (public) should throw error when fetching items fails","status":"passed","title":"should throw error when fetching items fails","duration":3.7465879999999743,"failureMessages":[],"meta":{}},{"ancestorTitles":["DigitalLibraryService","CREATE operations (protected)"],"fullName":"DigitalLibraryService CREATE operations (protected) should create a new library item with authentication","status":"passed","title":"should create a new library item with authentication","duration":1.4312949999998636,"failureMessages":[],"meta":{}},{"ancestorTitles":["DigitalLibraryService","CREATE operations (protected)"],"fullName":"DigitalLibraryService CREATE operations (protected) should create item with collections","status":"passed","title":"should create item with collections","duration":0.7269980000000942,"failureMessages":[],"meta":{}},{"ancestorTitles":["DigitalLibraryService","CREATE operations (protected)"],"fullName":"DigitalLibraryService CREATE operations (protected) should throw error when creating item fails","status":"passed","title":"should throw error when creating item fails","duration":0.875297000000046,"failureMessages":[],"meta":{}},{"ancestorTitles":["DigitalLibraryService","UPDATE operations (protected)"],"fullName":"DigitalLibraryService UPDATE operations (protected) should update library item with authentication","status":"passed","title":"should update library item with authentication","duration":0.8005969999999252,"failureMessages":[],"meta":{}},{"ancestorTitles":["DigitalLibraryService","UPDATE operations (protected)"],"fullName":"DigitalLibraryService UPDATE operations (protected) should throw error when updating item fails","status":"passed","title":"should throw error when updating item fails","duration":0.7719980000001669,"failureMessages":[],"meta":{}},{"ancestorTitles":["DigitalLibraryService","DELETE operations (protected)"],"fullName":"DigitalLibraryService DELETE operations (protected) should delete library item with authentication","status":"passed","title":"should delete library item with authentication","duration":0.6041979999999967,"failureMessages":[],"meta":{}},{"ancestorTitles":["DigitalLibraryService","DELETE operations (protected)"],"fullName":"DigitalLibraryService DELETE operations (protected) should throw error when deleting item fails","status":"passed","title":"should throw error when deleting item fails","duration":1.2966949999999997,"failureMessages":[],"meta":{}},{"ancestorTitles":["DigitalLibraryService","Collection operations"],"fullName":"DigitalLibraryService Collection operations should fetch all collections","status":"passed","title":"should fetch all collections","duration":1.0347969999997986,"failureMessages":[],"meta":{}},{"ancestorTitles":["DigitalLibraryService","Collection operations"],"fullName":"DigitalLibraryService Collection operations should throw error when fetching collections fails","status":"passed","title":"should throw error when fetching collections fails","duration":0.8503970000001573,"failureMessages":[],"meta":{}},{"ancestorTitles":["DigitalLibraryService","Filter operations"],"fullName":"DigitalLibraryService Filter operations should fetch available categories","status":"passed","title":"should fetch available categories","duration":0.8900969999999688,"failureMessages":[],"meta":{}},{"ancestorTitles":["DigitalLibraryService","Filter operations"],"fullName":"DigitalLibraryService Filter operations should fetch available authors","status":"passed","title":"should fetch available authors","duration":0.9240970000000743,"failureMessages":[],"meta":{}},{"ancestorTitles":["DigitalLibraryService","Filter operations"],"fullName":"DigitalLibraryService Filter operations should fetch available tags","status":"passed","title":"should fetch available tags","duration":0.4003989999998794,"failureMessages":[],"meta":{}},{"ancestorTitles":["DigitalLibraryService","Filter operations"],"fullName":"DigitalLibraryService Filter operations should fetch available languages","status":"passed","title":"should fetch available languages","duration":0.4874979999999596,"failureMessages":[],"meta":{}},{"ancestorTitles":["DigitalLibraryService","Filter operations"],"fullName":"DigitalLibraryService Filter operations should fetch available years","status":"passed","title":"should fetch available years","duration":0.7278980000000956,"failureMessages":[],"meta":{}},{"ancestorTitles":["DigitalLibraryService","Tracking operations"],"fullName":"DigitalLibraryService Tracking operations should increment view count","status":"passed","title":"should increment view count","duration":0.6781980000000658,"failureMessages":[],"meta":{}},{"ancestorTitles":["DigitalLibraryService","Tracking operations"],"fullName":"DigitalLibraryService Tracking operations should increment download count","status":"passed","title":"should increment download count","duration":0.4184989999998834,"failureMessages":[],"meta":{}},{"ancestorTitles":["DigitalLibraryService","Tracking operations"],"fullName":"DigitalLibraryService Tracking operations should not throw error if increment view count fails (graceful degradation)","status":"passed","title":"should not throw error if increment view count fails (graceful degradation)","duration":1.4387950000000274,"failureMessages":[],"meta":{}},{"ancestorTitles":["DigitalLibraryService","File validation"],"fullName":"DigitalLibraryService File validation should validate valid audio file","status":"passed","title":"should validate valid audio file","duration":3.544988999999987,"failureMessages":[],"meta":{}},{"ancestorTitles":["DigitalLibraryService","File validation"],"fullName":"DigitalLibraryService File validation should validate valid video file","status":"passed","title":"should validate valid video file","duration":1.9756929999998647,"failureMessages":[],"meta":{}},{"ancestorTitles":["DigitalLibraryService","File validation"],"fullName":"DigitalLibraryService File validation should validate valid document file","status":"passed","title":"should validate valid document file","duration":0.644898000000012,"failureMessages":[],"meta":{}},{"ancestorTitles":["DigitalLibraryService","File validation"],"fullName":"DigitalLibraryService File validation should reject file that is too large","status":"passed","title":"should reject file that is too large","duration":0.5617979999999534,"failureMessages":[],"meta":{}},{"ancestorTitles":["DigitalLibraryService","File validation"],"fullName":"DigitalLibraryService File validation should reject invalid file type","status":"passed","title":"should reject invalid file type","duration":0.695697999999993,"failureMessages":[],"meta":{}},{"ancestorTitles":["DigitalLibraryService","Helper functions"],"fullName":"DigitalLibraryService Helper functions should format file size correctly","status":"passed","title":"should format file size correctly","duration":0.6003980000000411,"failureMessages":[],"meta":{}},{"ancestorTitles":["DigitalLibraryService","Helper functions"],"fullName":"DigitalLibraryService Helper functions should get correct file type icon","status":"passed","title":"should get correct file type icon","duration":3.653088000000025,"failureMessages":[],"meta":{}},{"ancestorTitles":["DigitalLibraryService","Helper functions"],"fullName":"DigitalLibraryService Helper functions should get correct file type color","status":"passed","title":"should get correct file type color","duration":0.5310980000001564,"failureMessages":[],"meta":{}},{"ancestorTitles":["DigitalLibraryService","Helper functions"],"fullName":"DigitalLibraryService Helper functions should get media URL correctly","status":"passed","title":"should get media URL correctly","duration":0.4980990000001384,"failureMessages":[],"meta":{}},{"ancestorTitles":["DigitalLibraryService","Helper functions"],"fullName":"DigitalLibraryService Helper functions should get available categories with details","status":"passed","title":"should get available categories with details","duration":0.8255970000000161,"failureMessages":[],"meta":{}},{"ancestorTitles":["DigitalLibraryService","Download operations"],"fullName":"DigitalLibraryService Download operations should download file and track download","status":"passed","title":"should download file and track download","duration":1.8216940000002069,"failureMessages":[],"meta":{}}],"startTime":1761370161893,"endTime":1761370161943.8218,"status":"passed","message":"","name":"/home/user/ccpvj/Front/src/lib/application/services/library/__tests__/DigitalLibraryService.test.ts"},{"assertionResults":[{"ancestorTitles":["ModulePostService","getModulePosts"],"fullName":"ModulePostService getModulePosts should fetch posts for a module successfully","status":"passed","title":"should fetch posts for a module successfully","duration":6.312979000000041,"failureMessages":[],"meta":{}},{"ancestorTitles":["ModulePostService","getModulePosts"],"fullName":"ModulePostService getModulePosts should throw error when fetch fails","status":"passed","title":"should throw error when fetch fails","duration":10.428466000000071,"failureMessages":[],"meta":{}},{"ancestorTitles":["ModulePostService","getPost"],"fullName":"ModulePostService getPost should fetch a single post successfully","status":"passed","title":"should fetch a single post successfully","duration":0.9696970000002239,"failureMessages":[],"meta":{}},{"ancestorTitles":["ModulePostService","getPost"],"fullName":"ModulePostService getPost should return null when post not found","status":"passed","title":"should return null when post not found","duration":0.7234980000000633,"failureMessages":[],"meta":{}},{"ancestorTitles":["ModulePostService","getPost"],"fullName":"ModulePostService getPost should throw error on other failures","status":"passed","title":"should throw error on other failures","duration":1.7334950000001754,"failureMessages":[],"meta":{}},{"ancestorTitles":["ModulePostService","createPost"],"fullName":"ModulePostService createPost should create post successfully","status":"passed","title":"should create post successfully","duration":1.8175940000000992,"failureMessages":[],"meta":{}},{"ancestorTitles":["ModulePostService","createPost"],"fullName":"ModulePostService createPost should handle 401 unauthorized","status":"passed","title":"should handle 401 unauthorized","duration":2.0669930000001386,"failureMessages":[],"meta":{}},{"ancestorTitles":["ModulePostService","createPost"],"fullName":"ModulePostService createPost should handle 403 forbidden","status":"passed","title":"should handle 403 forbidden","duration":0.884396999999808,"failureMessages":[],"meta":{}},{"ancestorTitles":["ModulePostService","updatePost"],"fullName":"ModulePostService updatePost should update post successfully","status":"passed","title":"should update post successfully","duration":1.675894999999855,"failureMessages":[],"meta":{}},{"ancestorTitles":["ModulePostService","updatePost"],"fullName":"ModulePostService updatePost should handle 404 not found","status":"passed","title":"should handle 404 not found","duration":0.9890959999997904,"failureMessages":[],"meta":{}},{"ancestorTitles":["ModulePostService","deletePost"],"fullName":"ModulePostService deletePost should delete post successfully","status":"passed","title":"should delete post successfully","duration":1.1451959999999417,"failureMessages":[],"meta":{}},{"ancestorTitles":["ModulePostService","deletePost"],"fullName":"ModulePostService deletePost should handle delete errors","status":"passed","title":"should handle delete errors","duration":0.9279970000000048,"failureMessages":[],"meta":{}},{"ancestorTitles":["ModulePostService","reorderPost"],"fullName":"ModulePostService reorderPost should reorder post successfully","status":"passed","title":"should reorder post successfully","duration":1.108696000000009,"failureMessages":[],"meta":{}},{"ancestorTitles":["ModulePostService","reorderPost"],"fullName":"ModulePostService reorderPost should handle reorder errors","status":"passed","title":"should handle reorder errors","duration":1.1000970000000052,"failureMessages":[],"meta":{}},{"ancestorTitles":["ModulePostService","uploadMedia"],"fullName":"ModulePostService uploadMedia should upload image media successfully","status":"passed","title":"should upload image media successfully","duration":2.5389909999998963,"failureMessages":[],"meta":{}},{"ancestorTitles":["ModulePostService","uploadMedia"],"fullName":"ModulePostService uploadMedia should upload video media successfully","status":"passed","title":"should upload video media successfully","duration":0.9534969999999703,"failureMessages":[],"meta":{}},{"ancestorTitles":["ModulePostService","uploadMedia"],"fullName":"ModulePostService uploadMedia should handle upload errors","status":"passed","title":"should handle upload errors","duration":0.8689970000000358,"failureMessages":[],"meta":{}},{"ancestorTitles":["ModulePostService","removeMedia"],"fullName":"ModulePostService removeMedia should remove media successfully","status":"passed","title":"should remove media successfully","duration":0.9467970000000605,"failureMessages":[],"meta":{}},{"ancestorTitles":["ModulePostService","removeMedia"],"fullName":"ModulePostService removeMedia should handle remove media errors","status":"passed","title":"should handle remove media errors","duration":0.8579970000000685,"failureMessages":[],"meta":{}}],"startTime":1761370161382,"endTime":1761370161421.858,"status":"passed","message":"","name":"/home/user/ccpvj/Front/src/lib/application/services/material-apoyo/__tests__/ModulePostService.test.ts"},{"assertionResults":[{"ancestorTitles":["PostElementService","getFileUrl"],"fullName":"PostElementService getFileUrl should return empty string for empty path","status":"passed","title":"should return empty string for empty path","duration":3.950700000000097,"failureMessages":[],"meta":{}},{"ancestorTitles":["PostElementService","getFileUrl"],"fullName":"PostElementService getFileUrl should return absolute URL as-is","status":"passed","title":"should return absolute URL as-is","duration":1.4592999999999847,"failureMessages":[],"meta":{}},{"ancestorTitles":["PostElementService","getFileUrl"],"fullName":"PostElementService getFileUrl should return path starting with /media/ as-is","status":"passed","title":"should return path starting with /media/ as-is","duration":0.7905000000000655,"failureMessages":[],"meta":{}},{"ancestorTitles":["PostElementService","getFileUrl"],"fullName":"PostElementService getFileUrl should prepend /media/ to relative path","status":"passed","title":"should prepend /media/ to relative path","duration":0.6788000000001375,"failureMessages":[],"meta":{}},{"ancestorTitles":["PostElementService","getMediaUrl"],"fullName":"PostElementService getMediaUrl should return empty string for empty path","status":"passed","title":"should return empty string for empty path","duration":0.6413000000000011,"failureMessages":[],"meta":{}},{"ancestorTitles":["PostElementService","getMediaUrl"],"fullName":"PostElementService getMediaUrl should clean path with leading slash","status":"passed","title":"should clean path with leading slash","duration":0.7371000000000549,"failureMessages":[],"meta":{}},{"ancestorTitles":["PostElementService","getMediaUrl"],"fullName":"PostElementService getMediaUrl should clean media/ prefix","status":"passed","title":"should clean media/ prefix","duration":0.6313000000000102,"failureMessages":[],"meta":{}},{"ancestorTitles":["PostElementService","getElementsByPostId"],"fullName":"PostElementService getElementsByPostId should fetch elements for a post successfully","status":"passed","title":"should fetch elements for a post successfully","duration":6.3112999999998465,"failureMessages":[],"meta":{}},{"ancestorTitles":["PostElementService","getElementsByPostId"],"fullName":"PostElementService getElementsByPostId should return empty array on error","status":"passed","title":"should return empty array on error","duration":10.029899999999998,"failureMessages":[],"meta":{}},{"ancestorTitles":["PostElementService","getElementsByPostId"],"fullName":"PostElementService getElementsByPostId should parse dates correctly","status":"passed","title":"should parse dates correctly","duration":0.8072999999999411,"failureMessages":[],"meta":{}},{"ancestorTitles":["PostElementService","createElement"],"fullName":"PostElementService createElement should create element successfully","status":"passed","title":"should create element successfully","duration":1.758100000000013,"failureMessages":[],"meta":{}},{"ancestorTitles":["PostElementService","createElement"],"fullName":"PostElementService createElement should handle 401 unauthorized","status":"passed","title":"should handle 401 unauthorized","duration":2.8889999999998963,"failureMessages":[],"meta":{}},{"ancestorTitles":["PostElementService","createElement"],"fullName":"PostElementService createElement should handle 403 forbidden","status":"passed","title":"should handle 403 forbidden","duration":0.9260000000001583,"failureMessages":[],"meta":{}},{"ancestorTitles":["PostElementService","updateElement"],"fullName":"PostElementService updateElement should update element successfully","status":"passed","title":"should update element successfully","duration":1.7061000000001059,"failureMessages":[],"meta":{}},{"ancestorTitles":["PostElementService","updateElement"],"fullName":"PostElementService updateElement should handle 404 not found","status":"passed","title":"should handle 404 not found","duration":0.8522000000000389,"failureMessages":[],"meta":{}},{"ancestorTitles":["PostElementService","deleteElement"],"fullName":"PostElementService deleteElement should delete element successfully","status":"passed","title":"should delete element successfully","duration":1.0959000000000287,"failureMessages":[],"meta":{}},{"ancestorTitles":["PostElementService","deleteElement"],"fullName":"PostElementService deleteElement should handle delete errors","status":"passed","title":"should handle delete errors","duration":1.0022000000001299,"failureMessages":[],"meta":{}},{"ancestorTitles":["PostElementService","reorderElements"],"fullName":"PostElementService reorderElements should reorder elements successfully","status":"passed","title":"should reorder elements successfully","duration":1.1223999999999705,"failureMessages":[],"meta":{}},{"ancestorTitles":["PostElementService","reorderElements"],"fullName":"PostElementService reorderElements should handle reorder errors","status":"passed","title":"should handle reorder errors","duration":0.7691999999999553,"failureMessages":[],"meta":{}},{"ancestorTitles":["PostElementService","createElementsInBatch"],"fullName":"PostElementService createElementsInBatch should create multiple elements successfully","status":"passed","title":"should create multiple elements successfully","duration":1.1918000000000575,"failureMessages":[],"meta":{}},{"ancestorTitles":["PostElementService","createElementsInBatch"],"fullName":"PostElementService createElementsInBatch should handle batch creation errors","status":"passed","title":"should handle batch creation errors","duration":0.9201000000000477,"failureMessages":[],"meta":{}},{"ancestorTitles":["PostElementService","deleteElementsByPostId"],"fullName":"PostElementService deleteElementsByPostId should delete all elements for a post","status":"passed","title":"should delete all elements for a post","duration":0.9249999999999545,"failureMessages":[],"meta":{}},{"ancestorTitles":["PostElementService","deleteElementsByPostId"],"fullName":"PostElementService deleteElementsByPostId should handle deletion errors","status":"passed","title":"should handle deletion errors","duration":0.7766999999998916,"failureMessages":[],"meta":{}}],"startTime":1761370161098,"endTime":1761370161140.7766,"status":"passed","message":"","name":"/home/user/ccpvj/Front/src/lib/application/services/material-apoyo/__tests__/PostElementService.test.ts"},{"assertionResults":[{"ancestorTitles":["MaterialApoyoService","Material de Apoyo - GET (Público)"],"fullName":"MaterialApoyoService Material de Apoyo - GET (Público) should get all material de apoyo without auth","status":"passed","title":"should get all material de apoyo without auth","duration":7.907500000000027,"failureMessages":[],"meta":{}},{"ancestorTitles":["MaterialApoyoService","Material de Apoyo - GET (Público)"],"fullName":"MaterialApoyoService Material de Apoyo - GET (Público) should get material by ID without auth","status":"passed","title":"should get material by ID without auth","duration":1.8365999999998621,"failureMessages":[],"meta":{}},{"ancestorTitles":["MaterialApoyoService","Material de Apoyo - GET (Público)"],"fullName":"MaterialApoyoService Material de Apoyo - GET (Público) should return null when material not found","status":"passed","title":"should return null when material not found","duration":1.2442999999998392,"failureMessages":[],"meta":{}},{"ancestorTitles":["MaterialApoyoService","Material de Apoyo - GET (Público)"],"fullName":"MaterialApoyoService Material de Apoyo - GET (Público) should get featured materials","status":"passed","title":"should get featured materials","duration":1.3760999999999513,"failureMessages":[],"meta":{}},{"ancestorTitles":["MaterialApoyoService","Material de Apoyo - CRUD (Protegido)"],"fullName":"MaterialApoyoService Material de Apoyo - CRUD (Protegido) should create material de apoyo with JWT token","status":"passed","title":"should create material de apoyo with JWT token","duration":1.8480999999999312,"failureMessages":[],"meta":{}},{"ancestorTitles":["MaterialApoyoService","Material de Apoyo - CRUD (Protegido)"],"fullName":"MaterialApoyoService Material de Apoyo - CRUD (Protegido) should update material de apoyo with JWT","status":"passed","title":"should update material de apoyo with JWT","duration":1.4992999999999483,"failureMessages":[],"meta":{}},{"ancestorTitles":["MaterialApoyoService","Material de Apoyo - CRUD (Protegido)"],"fullName":"MaterialApoyoService Material de Apoyo - CRUD (Protegido) should delete material de apoyo with JWT","status":"passed","title":"should delete material de apoyo with JWT","duration":1.412499999999909,"failureMessages":[],"meta":{}},{"ancestorTitles":["MaterialApoyoService","Material de Apoyo - CRUD (Protegido)"],"fullName":"MaterialApoyoService Material de Apoyo - CRUD (Protegido) should reject create without valid JWT","status":"passed","title":"should reject create without valid JWT","duration":2.8139000000001033,"failureMessages":[],"meta":{}},{"ancestorTitles":["MaterialApoyoService","Módulos - GET (Público)"],"fullName":"MaterialApoyoService Módulos - GET (Público) should get module by ID without auth","status":"passed","title":"should get module by ID without auth","duration":2.244799999999941,"failureMessages":[],"meta":{}},{"ancestorTitles":["MaterialApoyoService","Módulos - GET (Público)"],"fullName":"MaterialApoyoService Módulos - GET (Público) should get modules for a material","status":"passed","title":"should get modules for a material","duration":2.0838000000001102,"failureMessages":[],"meta":{}},{"ancestorTitles":["MaterialApoyoService","Módulos - CRUD (Protegido)"],"fullName":"MaterialApoyoService Módulos - CRUD (Protegido) should create module with JWT","status":"passed","title":"should create module with JWT","duration":2.136600000000044,"failureMessages":[],"meta":{}},{"ancestorTitles":["MaterialApoyoService","Módulos - CRUD (Protegido)"],"fullName":"MaterialApoyoService Módulos - CRUD (Protegido) should update module with JWT","status":"passed","title":"should update module with JWT","duration":1.761600000000044,"failureMessages":[],"meta":{}},{"ancestorTitles":["MaterialApoyoService","Módulos - CRUD (Protegido)"],"fullName":"MaterialApoyoService Módulos - CRUD (Protegido) should delete module with JWT","status":"passed","title":"should delete module with JWT","duration":1.6458000000000084,"failureMessages":[],"meta":{}},{"ancestorTitles":["MaterialApoyoService","Módulos - CRUD (Protegido)"],"fullName":"MaterialApoyoService Módulos - CRUD (Protegido) should reorder module with JWT","status":"passed","title":"should reorder module with JWT","duration":4.605499999999893,"failureMessages":[],"meta":{}},{"ancestorTitles":["MaterialApoyoService","Posts - GET (Público)"],"fullName":"MaterialApoyoService Posts - GET (Público) should get post by ID without auth","status":"passed","title":"should get post by ID without auth","duration":1.2396000000001095,"failureMessages":[],"meta":{}},{"ancestorTitles":["MaterialApoyoService","Posts - GET (Público)"],"fullName":"MaterialApoyoService Posts - GET (Público) should get posts for a module","status":"passed","title":"should get posts for a module","duration":7.565800000000081,"failureMessages":[],"meta":{}},{"ancestorTitles":["MaterialApoyoService","Posts - CRUD (Protegido)"],"fullName":"MaterialApoyoService Posts - CRUD (Protegido) should create post with JWT","status":"passed","title":"should create post with JWT","duration":1.81450000000018,"failureMessages":[],"meta":{}},{"ancestorTitles":["MaterialApoyoService","Posts - CRUD (Protegido)"],"fullName":"MaterialApoyoService Posts - CRUD (Protegido) should update post with JWT","status":"passed","title":"should update post with JWT","duration":1.3150000000000546,"failureMessages":[],"meta":{}},{"ancestorTitles":["MaterialApoyoService","Posts - CRUD (Protegido)"],"fullName":"MaterialApoyoService Posts - CRUD (Protegido) should delete post with JWT","status":"passed","title":"should delete post with JWT","duration":2.1602000000000317,"failureMessages":[],"meta":{}},{"ancestorTitles":["MaterialApoyoService","Authorization Checks"],"fullName":"MaterialApoyoService Authorization Checks should check auth status with valid token","status":"passed","title":"should check auth status with valid token","duration":7.842800000000125,"failureMessages":[],"meta":{}},{"ancestorTitles":["MaterialApoyoService","Authorization Checks"],"fullName":"MaterialApoyoService Authorization Checks should check auth status without token","status":"passed","title":"should check auth status without token","duration":1.1807999999998628,"failureMessages":[],"meta":{}},{"ancestorTitles":["MaterialApoyoService","Authorization Checks"],"fullName":"MaterialApoyoService Authorization Checks should check auth status for collaborator","status":"passed","title":"should check auth status for collaborator","duration":4.134199999999964,"failureMessages":[],"meta":{}},{"ancestorTitles":["MaterialApoyoService","Authorization Checks"],"fullName":"MaterialApoyoService Authorization Checks should check auth status for assistant (read-only)","status":"passed","title":"should check auth status for assistant (read-only)","duration":1.6454000000001088,"failureMessages":[],"meta":{}}],"startTime":1761370160842,"endTime":1761370160906.6455,"status":"passed","message":"","name":"/home/user/ccpvj/Front/src/lib/application/services/material-apoyo/__tests__/materialApoyoService.test.ts"},{"assertionResults":[{"ancestorTitles":["ContextualUploadService","uploadCourseImage"],"fullName":"ContextualUploadService uploadCourseImage should upload course image successfully","status":"passed","title":"should upload course image successfully","duration":15.256800999999996,"failureMessages":[],"meta":{}},{"ancestorTitles":["ContextualUploadService","uploadCourseImage"],"fullName":"ContextualUploadService uploadCourseImage should upload course image with old image path","status":"passed","title":"should upload course image with old image path","duration":1.8055000000001655,"failureMessages":[],"meta":{}},{"ancestorTitles":["ContextualUploadService","uploadCourseImage"],"fullName":"ContextualUploadService uploadCourseImage should handle non-JSON response","status":"passed","title":"should handle non-JSON response","duration":1.395799999999781,"failureMessages":[],"meta":{}},{"ancestorTitles":["ContextualUploadService","uploadCourseImage"],"fullName":"ContextualUploadService uploadCourseImage should throw error on upload failure","status":"passed","title":"should throw error on upload failure","duration":17.446099999999888,"failureMessages":[],"meta":{}},{"ancestorTitles":["ContextualUploadService","uploadPostMedia"],"fullName":"ContextualUploadService uploadPostMedia should upload post media successfully","status":"passed","title":"should upload post media successfully","duration":1.8851999999999407,"failureMessages":[],"meta":{}},{"ancestorTitles":["ContextualUploadService","uploadPostMedia"],"fullName":"ContextualUploadService uploadPostMedia should upload different media types","status":"passed","title":"should upload different media types","duration":1.1152999999999338,"failureMessages":[],"meta":{}},{"ancestorTitles":["ContextualUploadService","uploadPostMedia"],"fullName":"ContextualUploadService uploadPostMedia should throw error on upload failure","status":"passed","title":"should throw error on upload failure","duration":1.598799999999983,"failureMessages":[],"meta":{}},{"ancestorTitles":["ContextualUploadService","uploadBlogMedia"],"fullName":"ContextualUploadService uploadBlogMedia should upload blog media successfully","status":"passed","title":"should upload blog media successfully","duration":1.5308999999999742,"failureMessages":[],"meta":{}},{"ancestorTitles":["ContextualUploadService","uploadBlogMedia"],"fullName":"ContextualUploadService uploadBlogMedia should upload blog media with old file path","status":"passed","title":"should upload blog media with old file path","duration":1.409900000000107,"failureMessages":[],"meta":{}},{"ancestorTitles":["ContextualUploadService","getMediaUrl"],"fullName":"ContextualUploadService getMediaUrl should return empty string for empty path","status":"passed","title":"should return empty string for empty path","duration":0.8049999999998363,"failureMessages":[],"meta":{}},{"ancestorTitles":["ContextualUploadService","getMediaUrl"],"fullName":"ContextualUploadService getMediaUrl should return absolute URL as-is","status":"passed","title":"should return absolute URL as-is","duration":0.7765999999999167,"failureMessages":[],"meta":{}},{"ancestorTitles":["ContextualUploadService","getMediaUrl"],"fullName":"ContextualUploadService getMediaUrl should return path starting with /media/ as-is","status":"passed","title":"should return path starting with /media/ as-is","duration":0.6936000000000604,"failureMessages":[],"meta":{}},{"ancestorTitles":["ContextualUploadService","getMediaUrl"],"fullName":"ContextualUploadService getMediaUrl should prepend /media/ to relative path","status":"passed","title":"should prepend /media/ to relative path","duration":0.5785000000000764,"failureMessages":[],"meta":{}},{"ancestorTitles":["ContextualUploadService","validateFile"],"fullName":"ContextualUploadService validateFile should validate image file type correctly","status":"passed","title":"should validate image file type correctly","duration":1.1449999999999818,"failureMessages":[],"meta":{}},{"ancestorTitles":["ContextualUploadService","validateFile"],"fullName":"ContextualUploadService validateFile should validate video file type correctly","status":"passed","title":"should validate video file type correctly","duration":0.7191000000000258,"failureMessages":[],"meta":{}},{"ancestorTitles":["ContextualUploadService","validateFile"],"fullName":"ContextualUploadService validateFile should validate audio file type correctly","status":"passed","title":"should validate audio file type correctly","duration":0.6556000000000495,"failureMessages":[],"meta":{}},{"ancestorTitles":["ContextualUploadService","validateFile"],"fullName":"ContextualUploadService validateFile should validate document file type correctly","status":"passed","title":"should validate document file type correctly","duration":0.5037999999999556,"failureMessages":[],"meta":{}},{"ancestorTitles":["ContextualUploadService","validateFile"],"fullName":"ContextualUploadService validateFile should reject invalid file type","status":"passed","title":"should reject invalid file type","duration":0.6791000000000622,"failureMessages":[],"meta":{}},{"ancestorTitles":["ContextualUploadService","validateFile"],"fullName":"ContextualUploadService validateFile should reject file exceeding size limit for images","status":"passed","title":"should reject file exceeding size limit for images","duration":16.394800000000032,"failureMessages":[],"meta":{}},{"ancestorTitles":["ContextualUploadService","validateFile"],"fullName":"ContextualUploadService validateFile should accept file within size limit","status":"passed","title":"should accept file within size limit","duration":5.932000000000016,"failureMessages":[],"meta":{}},{"ancestorTitles":["ContextualUploadService","validateFile"],"fullName":"ContextualUploadService validateFile should validate different image formats","status":"passed","title":"should validate different image formats","duration":1.0187000000000808,"failureMessages":[],"meta":{}},{"ancestorTitles":["ContextualUploadService","formatFileSize"],"fullName":"ContextualUploadService formatFileSize should format 0 bytes","status":"passed","title":"should format 0 bytes","duration":0.4602999999999611,"failureMessages":[],"meta":{}},{"ancestorTitles":["ContextualUploadService","formatFileSize"],"fullName":"ContextualUploadService formatFileSize should format bytes","status":"passed","title":"should format bytes","duration":0.6957999999999629,"failureMessages":[],"meta":{}},{"ancestorTitles":["ContextualUploadService","formatFileSize"],"fullName":"ContextualUploadService formatFileSize should format kilobytes","status":"passed","title":"should format kilobytes","duration":0.5165999999999258,"failureMessages":[],"meta":{}},{"ancestorTitles":["ContextualUploadService","formatFileSize"],"fullName":"ContextualUploadService formatFileSize should format megabytes","status":"passed","title":"should format megabytes","duration":0.4692999999999756,"failureMessages":[],"meta":{}},{"ancestorTitles":["ContextualUploadService","formatFileSize"],"fullName":"ContextualUploadService formatFileSize should format gigabytes","status":"passed","title":"should format gigabytes","duration":0.4494999999999436,"failureMessages":[],"meta":{}},{"ancestorTitles":["ContextualUploadService","formatFileSize"],"fullName":"ContextualUploadService formatFileSize should round to 2 decimal places","status":"passed","title":"should round to 2 decimal places","duration":0.5312999999998738,"failureMessages":[],"meta":{}},{"ancestorTitles":["ContextualUploadService","parseContextFromPath"],"fullName":"ContextualUploadService parseContextFromPath should parse material-apoyo path","status":"passed","title":"should parse material-apoyo path","duration":0.6122000000000298,"failureMessages":[],"meta":{}},{"ancestorTitles":["ContextualUploadService","parseContextFromPath"],"fullName":"ContextualUploadService parseContextFromPath should parse material-apoyo post path with all IDs","status":"passed","title":"should parse material-apoyo post path with all IDs","duration":0.65300000000002,"failureMessages":[],"meta":{}},{"ancestorTitles":["ContextualUploadService","parseContextFromPath"],"fullName":"ContextualUploadService parseContextFromPath should parse blog post path","status":"passed","title":"should parse blog post path","duration":0.615099999999984,"failureMessages":[],"meta":{}},{"ancestorTitles":["ContextualUploadService","parseContextFromPath"],"fullName":"ContextualUploadService parseContextFromPath should parse library resource path","status":"passed","title":"should parse library resource path","duration":3.134999999999991,"failureMessages":[],"meta":{}},{"ancestorTitles":["ContextualUploadService","parseContextFromPath"],"fullName":"ContextualUploadService parseContextFromPath should parse events path","status":"passed","title":"should parse events path","duration":0.7186999999998989,"failureMessages":[],"meta":{}},{"ancestorTitles":["ContextualUploadService","parseContextFromPath"],"fullName":"ContextualUploadService parseContextFromPath should parse user-content path","status":"passed","title":"should parse user-content path","duration":0.48250000000007276,"failureMessages":[],"meta":{}},{"ancestorTitles":["ContextualUploadService","parseContextFromPath"],"fullName":"ContextualUploadService parseContextFromPath should return empty object for invalid path","status":"passed","title":"should return empty object for invalid path","duration":0.5244000000000142,"failureMessages":[],"meta":{}},{"ancestorTitles":["ContextualUploadService","parseContextFromPath"],"fullName":"ContextualUploadService parseContextFromPath should handle path without media type","status":"passed","title":"should handle path without media type","duration":0.4757999999999356,"failureMessages":[],"meta":{}},{"ancestorTitles":["ContextualUploadService","cleanupOrphanFiles"],"fullName":"ContextualUploadService cleanupOrphanFiles should cleanup orphan files successfully","status":"passed","title":"should cleanup orphan files successfully","duration":1.3371999999999389,"failureMessages":[],"meta":{}},{"ancestorTitles":["ContextualUploadService","cleanupOrphanFiles"],"fullName":"ContextualUploadService cleanupOrphanFiles should handle empty files array","status":"passed","title":"should handle empty files array","duration":0.6740999999999531,"failureMessages":[],"meta":{}},{"ancestorTitles":["ContextualUploadService","cleanupOrphanFiles"],"fullName":"ContextualUploadService cleanupOrphanFiles should handle cleanup errors","status":"passed","title":"should handle cleanup errors","duration":1.4227000000000771,"failureMessages":[],"meta":{}},{"ancestorTitles":["ContextualUploadService","cleanupOrphanFiles"],"fullName":"ContextualUploadService cleanupOrphanFiles should handle partial cleanup with errors","status":"passed","title":"should handle partial cleanup with errors","duration":3.0762999999999465,"failureMessages":[],"meta":{}},{"ancestorTitles":["ContextualUploadService","Edge Cases"],"fullName":"ContextualUploadService Edge Cases should handle network errors","status":"passed","title":"should handle network errors","duration":2.562400000000025,"failureMessages":[],"meta":{}},{"ancestorTitles":["ContextualUploadService","Edge Cases"],"fullName":"ContextualUploadService Edge Cases should handle very large file names","status":"passed","title":"should handle very large file names","duration":0.8568000000000211,"failureMessages":[],"meta":{}},{"ancestorTitles":["ContextualUploadService","Edge Cases"],"fullName":"ContextualUploadService Edge Cases should handle special characters in file names","status":"passed","title":"should handle special characters in file names","duration":0.6718000000000757,"failureMessages":[],"meta":{}}],"startTime":1761370160180,"endTime":1761370160275.6719,"status":"passed","message":"","name":"/home/user/ccpvj/Front/src/lib/application/services/upload/__tests__/ContextualUploadService.test.ts"},{"assertionResults":[{"ancestorTitles":["UserManagementService","getUser"],"fullName":"UserManagementService getUser returns an adapted user when found","status":"passed","title":"returns an adapted user when found","duration":7.428775999999971,"failureMessages":[],"meta":{}},{"ancestorTitles":["UserManagementService","getUser"],"fullName":"UserManagementService getUser returns null when backend responds 404","status":"passed","title":"returns null when backend responds 404","duration":1.2165959999999814,"failureMessages":[],"meta":{}},{"ancestorTitles":["UserManagementService","getUsers"],"fullName":"UserManagementService getUsers returns paginated users with adapted items","status":"passed","title":"returns paginated users with adapted items","duration":3.2244899999998324,"failureMessages":[],"meta":{}},{"ancestorTitles":["UserManagementService","getUsers"],"fullName":"UserManagementService getUsers throws when the backend request fails","status":"passed","title":"throws when the backend request fails","duration":1.6945949999999357,"failureMessages":[],"meta":{}},{"ancestorTitles":["UserManagementService","createUser"],"fullName":"UserManagementService createUser creates a user and adapts the response","status":"passed","title":"creates a user and adapts the response","duration":1.8486940000000232,"failureMessages":[],"meta":{}},{"ancestorTitles":["UserManagementService","createUser"],"fullName":"UserManagementService createUser rethrows when backend fails","status":"passed","title":"rethrows when backend fails","duration":0.9789969999999357,"failureMessages":[],"meta":{}},{"ancestorTitles":["UserManagementService","updateUser"],"fullName":"UserManagementService updateUser updates and returns the adapted user","status":"passed","title":"updates and returns the adapted user","duration":1.315695999999889,"failureMessages":[],"meta":{}},{"ancestorTitles":["UserManagementService","deleteUser"],"fullName":"UserManagementService deleteUser returns true when deletion succeeds","status":"passed","title":"returns true when deletion succeeds","duration":1.2426960000000236,"failureMessages":[],"meta":{}},{"ancestorTitles":["UserManagementService","toggleUserStatus"],"fullName":"UserManagementService toggleUserStatus sends the new status in the request body","status":"passed","title":"sends the new status in the request body","duration":1.3064959999999246,"failureMessages":[],"meta":{}},{"ancestorTitles":["UserManagementService","getAvailableRoles"],"fullName":"UserManagementService getAvailableRoles returns role collection from backend","status":"passed","title":"returns role collection from backend","duration":0.7410970000000816,"failureMessages":[],"meta":{}},{"ancestorTitles":["UserManagementService","changeUserRole"],"fullName":"UserManagementService changeUserRole sends PATCH request and returns true","status":"passed","title":"sends PATCH request and returns true","duration":0.9849970000000212,"failureMessages":[],"meta":{}},{"ancestorTitles":["UserManagementService","checkUsernameAvailability"],"fullName":"UserManagementService checkUsernameAvailability returns true when backend reports availability","status":"passed","title":"returns true when backend reports availability","duration":1.0174970000000485,"failureMessages":[],"meta":{}},{"ancestorTitles":["UserManagementService","checkUsernameAvailability"],"fullName":"UserManagementService checkUsernameAvailability includes excludeUserId when provided","status":"passed","title":"includes excludeUserId when provided","duration":0.9594959999999446,"failureMessages":[],"meta":{}},{"ancestorTitles":["UserManagementService","getUserStatistics"],"fullName":"UserManagementService getUserStatistics converts lastUserCreated into Date","status":"passed","title":"converts lastUserCreated into Date","duration":1.0533969999999044,"failureMessages":[],"meta":{}},{"ancestorTitles":["UserManagementService","resetUserPassword"],"fullName":"UserManagementService resetUserPassword returns true when password reset succeeds","status":"passed","title":"returns true when password reset succeeds","duration":0.8030969999999797,"failureMessages":[],"meta":{}},{"ancestorTitles":["UserManagementService","getCurrentUser"],"fullName":"UserManagementService getCurrentUser returns null when API responds 404","status":"passed","title":"returns null when API responds 404","duration":0.5044980000000123,"failureMessages":[],"meta":{}},{"ancestorTitles":["UserManagementService","canManageUsers"],"fullName":"UserManagementService canManageUsers returns false when request fails","status":"passed","title":"returns false when request fails","duration":0.45709800000008727,"failureMessages":[],"meta":{}}],"startTime":1761370161950,"endTime":1761370161978.457,"status":"passed","message":"","name":"/home/user/ccpvj/Front/src/lib/application/services/users/__tests__/UserManagementService.test.ts"},{"assertionResults":[{"ancestorTitles":["SessionExpiredModal","Rendering - Visibility"],"fullName":"SessionExpiredModal Rendering - Visibility should not render modal when store show is false","status":"passed","title":"should not render modal when store show is false","duration":31.219299999999976,"failureMessages":[],"meta":{}},{"ancestorTitles":["SessionExpiredModal","Rendering - Visibility"],"fullName":"SessionExpiredModal Rendering - Visibility should render modal when store show is true","status":"passed","title":"should render modal when store show is true","duration":45.111500000000206,"failureMessages":[],"meta":{}},{"ancestorTitles":["SessionExpiredModal","Rendering - Visibility"],"fullName":"SessionExpiredModal Rendering - Visibility should render modal header with warning icon","status":"passed","title":"should render modal header with warning icon","duration":12.590601000000106,"failureMessages":[],"meta":{}},{"ancestorTitles":["SessionExpiredModal","Rendering - Visibility"],"fullName":"SessionExpiredModal Rendering - Visibility should render modal header with title","status":"passed","title":"should render modal header with title","duration":24.603200000000015,"failureMessages":[],"meta":{}},{"ancestorTitles":["SessionExpiredModal","Message Display"],"fullName":"SessionExpiredModal Message Display should display custom message when provided","status":"passed","title":"should display custom message when provided","duration":12.577099999999973,"failureMessages":[],"meta":{}},{"ancestorTitles":["SessionExpiredModal","Message Display"],"fullName":"SessionExpiredModal Message Display should display default message when no message provided","status":"passed","title":"should display default message when no message provided","duration":9.558099999999968,"failureMessages":[],"meta":{}},{"ancestorTitles":["SessionExpiredModal","Message Display"],"fullName":"SessionExpiredModal Message Display should display default message when message is undefined","status":"passed","title":"should display default message when message is undefined","duration":9.182600000000093,"failureMessages":[],"meta":{}},{"ancestorTitles":["SessionExpiredModal","Close Button"],"fullName":"SessionExpiredModal Close Button should render close button","status":"passed","title":"should render close button","duration":5.859699999999975,"failureMessages":[],"meta":{}},{"ancestorTitles":["SessionExpiredModal","Close Button"],"fullName":"SessionExpiredModal Close Button should have correct CSS class for button","status":"passed","title":"should have correct CSS class for button","duration":6.975000000000136,"failureMessages":[],"meta":{}},{"ancestorTitles":["SessionExpiredModal","Close Button"],"fullName":"SessionExpiredModal Close Button should call goto with /auth/login when button clicked","status":"passed","title":"should call goto with /auth/login when button clicked","duration":11.354299999999967,"failureMessages":[],"meta":{}},{"ancestorTitles":["SessionExpiredModal","Close Button"],"fullName":"SessionExpiredModal Close Button should hide modal when button clicked","status":"passed","title":"should hide modal when button clicked","duration":6.093299999999999,"failureMessages":[],"meta":{}},{"ancestorTitles":["SessionExpiredModal","Overlay Click"],"fullName":"SessionExpiredModal Overlay Click should close modal when overlay is clicked (self click)","status":"passed","title":"should close modal when overlay is clicked (self click)","duration":7.2871000000000095,"failureMessages":[],"meta":{}},{"ancestorTitles":["SessionExpiredModal","Overlay Click"],"fullName":"SessionExpiredModal Overlay Click should not close modal when content is clicked","status":"passed","title":"should not close modal when content is clicked","duration":7.9732000000001335,"failureMessages":[],"meta":{}},{"ancestorTitles":["SessionExpiredModal","Keyboard Handling"],"fullName":"SessionExpiredModal Keyboard Handling should close modal when Escape key is pressed on overlay","status":"passed","title":"should close modal when Escape key is pressed on overlay","duration":7.692700000000059,"failureMessages":[],"meta":{}},{"ancestorTitles":["SessionExpiredModal","Keyboard Handling"],"fullName":"SessionExpiredModal Keyboard Handling should close modal when Enter key is pressed on overlay","status":"passed","title":"should close modal when Enter key is pressed on overlay","duration":6.205400000000054,"failureMessages":[],"meta":{}},{"ancestorTitles":["SessionExpiredModal","Keyboard Handling"],"fullName":"SessionExpiredModal Keyboard Handling should close modal when Space key is pressed on overlay","status":"passed","title":"should close modal when Space key is pressed on overlay","duration":6.404500000000098,"failureMessages":[],"meta":{}},{"ancestorTitles":["SessionExpiredModal","Keyboard Handling"],"fullName":"SessionExpiredModal Keyboard Handling should not close modal when other keys are pressed","status":"passed","title":"should not close modal when other keys are pressed","duration":11.41319999999996,"failureMessages":[],"meta":{}},{"ancestorTitles":["SessionExpiredModal","Accessibility"],"fullName":"SessionExpiredModal Accessibility should have role=\"button\" on overlay","status":"passed","title":"should have role=\"button\" on overlay","duration":5.364100000000008,"failureMessages":[],"meta":{}},{"ancestorTitles":["SessionExpiredModal","Accessibility"],"fullName":"SessionExpiredModal Accessibility should have tabindex=\"0\" on overlay for keyboard accessibility","status":"passed","title":"should have tabindex=\"0\" on overlay for keyboard accessibility","duration":6.622000000000071,"failureMessages":[],"meta":{}},{"ancestorTitles":["SessionExpiredModal","Accessibility"],"fullName":"SessionExpiredModal Accessibility should render semantic heading in header","status":"passed","title":"should render semantic heading in header","duration":7.152399999999943,"failureMessages":[],"meta":{}},{"ancestorTitles":["SessionExpiredModal","Accessibility"],"fullName":"SessionExpiredModal Accessibility should render message in paragraph element","status":"passed","title":"should render message in paragraph element","duration":5.597500000000082,"failureMessages":[],"meta":{}},{"ancestorTitles":["SessionExpiredModal","Styling and Classes"],"fullName":"SessionExpiredModal Styling and Classes should have modal-overlay class","status":"passed","title":"should have modal-overlay class","duration":5.515100000000075,"failureMessages":[],"meta":{}},{"ancestorTitles":["SessionExpiredModal","Styling and Classes"],"fullName":"SessionExpiredModal Styling and Classes should have modal-content class","status":"passed","title":"should have modal-content class","duration":4.7888000000000375,"failureMessages":[],"meta":{}},{"ancestorTitles":["SessionExpiredModal","Styling and Classes"],"fullName":"SessionExpiredModal Styling and Classes should have modal-header class","status":"passed","title":"should have modal-header class","duration":4.4827999999999975,"failureMessages":[],"meta":{}},{"ancestorTitles":["SessionExpiredModal","Styling and Classes"],"fullName":"SessionExpiredModal Styling and Classes should have modal-body class","status":"passed","title":"should have modal-body class","duration":7.190499999999929,"failureMessages":[],"meta":{}},{"ancestorTitles":["SessionExpiredModal","Styling and Classes"],"fullName":"SessionExpiredModal Styling and Classes should have modal-footer class","status":"passed","title":"should have modal-footer class","duration":5.257900000000063,"failureMessages":[],"meta":{}},{"ancestorTitles":["SessionExpiredModal","Edge Cases"],"fullName":"SessionExpiredModal Edge Cases should handle rapid show/hide calls","status":"passed","title":"should handle rapid show/hide calls","duration":6.316600000000108,"failureMessages":[],"meta":{}},{"ancestorTitles":["SessionExpiredModal","Edge Cases"],"fullName":"SessionExpiredModal Edge Cases should handle very long message text","status":"passed","title":"should handle very long message text","duration":11.166299999999865,"failureMessages":[],"meta":{}},{"ancest
[...]
4:10)\n    at Object.collect (file:///home/user/ccpvj/Front/node_modules/@vitest/runner/dist/chunk-hooks.js:738:54)\n    at processTicksAndRejections (node:internal/process/task_queues:95:5)\n    at Object.collect (file:///home/user/ccpvj/Front/node_modules/@vitest/runner/dist/chunk-hooks.js:738:46)\n    at collectTests (file:///home/user/ccpvj/Front/node_modules/@vitest/runner/dist/chunk-hooks.js:1179:25)\n    at startTests (file:///home/user/ccpvj/Front/node_modules/@vitest/runner/dist/chunk-hooks.js:1817:17)\n    at file:///home/user/ccpvj/Front/node_modules/vitest/dist/chunks/runBaseTests.9Ij9_de-.js:117:26\n    at withEnv (file:///home/user/ccpvj/Front/node_modules/vitest/dist/chunks/runBaseTests.9Ij9_de-.js:84:3)"],"meta":{}},{"ancestorTitles":["UserForm","Rendering - Create Mode"],"fullName":"UserForm Rendering - Create Mode should not show status radio buttons in create mode","status":"passed","title":"should not show status radio buttons in create mode","duration":66.5438009999998,"failureMessages":[],"meta":{}},{"ancestorTitles":["UserForm","Rendering - Edit Mode"],"fullName":"UserForm Rendering - Edit Mode should render edit user title","status":"passed","title":"should render edit user title","duration":71.25720000000001,"failureMessages":[],"meta":{}},{"ancestorTitles":["UserForm","Rendering - Edit Mode"],"fullName":"UserForm Rendering - Edit Mode should populate form fields with user data","status":"passed","title":"should populate form fields with user data","duration":91.38849999999911,"failureMessages":[],"meta":{}},{"ancestorTitles":["UserForm","Rendering - Edit Mode"],"fullName":"UserForm Rendering - Edit Mode should render submit button with update text","status":"passed","title":"should render submit button with update text","duration":453.0945019999999,"failureMessages":[],"meta":{}},{"ancestorTitles":["UserForm","Rendering - Edit Mode"],"fullName":"UserForm Rendering - Edit Mode should show status radio buttons in edit mode","status":"passed","title":"should show status radio buttons in edit mode","duration":73.57870000000003,"failureMessages":[],"meta":{}},{"ancestorTitles":["UserForm","Rendering - Edit Mode"],"fullName":"UserForm Rendering - Edit Mode should show password change checkbox in edit mode","status":"passed","title":"should show password change checkbox in edit mode","duration":42.704499999999825,"failureMessages":[],"meta":{}},{"ancestorTitles":["UserForm","Rendering - Edit Mode"],"fullName":"UserForm Rendering - Edit Mode should hide password fields initially in edit mode","status":"passed","title":"should hide password fields initially in edit mode","duration":76.32530099999894,"failureMessages":[],"meta":{}},{"ancestorTitles":["UserForm","Rendering - Edit Mode"],"fullName":"UserForm Rendering - Edit Mode should show password fields when checkbox is clicked","status":"passed","title":"should show password fields when checkbox is clicked","duration":126.51280000000042,"failureMessages":[],"meta":{}},{"ancestorTitles":["UserForm","Form Fields - Username Validation"],"fullName":"UserForm Form Fields - Username Validation should validate username availability on blur","status":"passed","title":"should validate username availability on blur","duration":147.7253010000004,"failureMessages":[],"meta":{}},{"ancestorTitles":["UserForm","Form Fields - Username Validation"],"fullName":"UserForm Form Fields - Username Validation should show checking indicator while validating","status":"passed","title":"should show checking indicator while validating","duration":117.73450000000048,"failureMessages":[],"meta":{}},{"ancestorTitles":["UserForm","Form Fields - Username Validation"],"fullName":"UserForm Form Fields - Username Validation should show success icon when username is available","status":"passed","title":"should show success icon when username is available","duration":86.63970100000006,"failureMessages":[],"meta":{}},{"ancestorTitles":["UserForm","Form Fields - Username Validation"],"fullName":"UserForm Form Fields - Username Validation should show error when username is taken","status":"passed","title":"should show error when username is taken","duration":125.5020999999997,"failureMessages":[],"meta":{}},{"ancestorTitles":["UserForm","Form Fields - Username Validation"],"fullName":"UserForm Form Fields - Username Validation should exclude current user id when checking in edit mode","status":"passed","title":"should exclude current user id when checking in edit mode","duration":138.26230100000066,"failureMessages":[],"meta":{}},{"ancestorTitles":["UserForm","Form Fields - Role Selection"],"fullName":"UserForm Form Fields - Role Selection should render all available roles","status":"passed","title":"should render all available roles","duration":62.100500000000466,"failureMessages":[],"meta":{}},{"ancestorTitles":["UserForm","Form Fields - Role Selection"],"fullName":"UserForm Form Fields - Role Selection should select default role in create mode","status":"passed","title":"should select default role in create mode","duration":54.07760000000053,"failureMessages":[],"meta":{}},{"ancestorTitles":["UserForm","Form Fields - Role Selection"],"fullName":"UserForm Form Fields - Role Selection should select user role in edit mode","status":"passed","title":"should select user role in edit mode","duration":52.20800000000054,"failureMessages":[],"meta":{}},{"ancestorTitles":["UserForm","Form Fields - Role Selection"],"fullName":"UserForm Form Fields - Role Selection should allow changing role","status":"passed","title":"should allow changing role","duration":133.4092010000004,"failureMessages":[],"meta":{}},{"ancestorTitles":["UserForm","Password Generation"],"fullName":"UserForm Password Generation should render password generation button","status":"passed","title":"should render password generation button","duration":145.0992010000009,"failureMessages":[],"meta":{}},{"ancestorTitles":["UserForm","Password Generation"],"fullName":"UserForm Password Generation should generate random password when button clicked","status":"passed","title":"should generate random password when button clicked","duration":118.16389999999956,"failureMessages":[],"meta":{}},{"ancestorTitles":["UserForm","Password Generation"],"fullName":"UserForm Password Generation should generate different passwords on each click","status":"passed","title":"should generate different passwords on each click","duration":81.13450000000012,"failureMessages":[],"meta":{}},{"ancestorTitles":["UserForm","Password Generation"],"fullName":"UserForm Password Generation should populate newPassword field in edit mode","status":"passed","title":"should populate newPassword field in edit mode","duration":162.88950100000147,"failureMessages":[],"meta":{}},{"ancestorTitles":["UserForm","Validation - Create Mode"],"fullName":"UserForm Validation - Create Mode should show error when username is empty","status":"passed","title":"should show error when username is empty","duration":865.6468029999996,"failureMessages":[],"meta":{}},{"ancestorTitles":["UserForm","Validation - Create Mode"],"fullName":"UserForm Validation - Create Mode should show error when username is too short","status":"passed","title":"should show error when username is too short","duration":428.946602,"failureMessages":[],"meta":{}},{"ancestorTitles":["UserForm","Validation - Create Mode"],"fullName":"UserForm Validation - Create Mode should show error when password is empty","status":"passed","title":"should show error when password is empty","duration":412.271702,"failureMessages":[],"meta":{}},{"ancestorTitles":["UserForm","Validation - Create Mode"],"fullName":"UserForm Validation - Create Mode should show error when password is too short","status":"passed","title":"should show error when password is too short","duration":481.61290200000076,"failureMessages":[],"meta":{}},{"ancestorTitles":["UserForm","Validation - Create Mode"],"fullName":"UserForm Validation - Create Mode should show error when passwords do not match","status":"passed","title":"should show error when passwords do not match","duration":256.38980100000117,"failureMessages":[],"meta":{}},{"ancestorTitles":["UserForm","Validation - Create Mode"],"fullName":"UserForm Validation - Create Mode should show error when first name is empty","status":"passed","title":"should show error when first name is empty","duration":218.2155010000006,"failureMessages":[],"meta":{}},{"ancestorTitles":["UserForm","Validation - Create Mode"],"fullName":"UserForm Validation - Create Mode should show error when last name is empty","status":"passed","title":"should show error when last name is empty","duration":196.65680000000066,"failureMessages":[],"meta":{}},{"ancestorTitles":["UserForm","Validation - Edit Mode"],"fullName":"UserForm Validation - Edit Mode should not require password in edit mode when not changing","status":"passed","title":"should not require password in edit mode when not changing","duration":98.81190100000094,"failureMessages":[],"meta":{}},{"ancestorTitles":["UserForm","Validation - Edit Mode"],"fullName":"UserForm Validation - Edit Mode should validate new password length when changing password","status":"passed","title":"should validate new password length when changing password","duration":224.6067010000006,"failureMessages":[],"meta":{}},{"ancestorTitles":["UserForm","Validation - Edit Mode"],"fullName":"UserForm Validation - Edit Mode should validate password match when changing password","status":"passed","title":"should validate password match when changing password","duration":280.08220099999926,"failureMessages":[],"meta":{}},{"ancestorTitles":["UserForm","Submit Behavior"],"fullName":"UserForm Submit Behavior should dispatch save event with correct data in create mode","status":"passed","title":"should dispatch save event with correct data in create mode","duration":161.00240099999974,"failureMessages":[],"meta":{}},{"ancestorTitles":["UserForm","Submit Behavior"],"fullName":"UserForm Submit Behavior should dispatch save event with correct data in edit mode","status":"passed","title":"should dispatch save event with correct data in edit mode","duration":95.36389999999847,"failureMessages":[],"meta":{}},{"ancestorTitles":["UserForm","Submit Behavior"],"fullName":"UserForm Submit Behavior should include new password in save event when changing","status":"passed","title":"should include new password in save event when changing","duration":146.82900100000006,"failureMessages":[],"meta":{}},{"ancestorTitles":["UserForm","Submit Behavior"],"fullName":"UserForm Submit Behavior should disable submit button while submitting","status":"passed","title":"should disable submit button while submitting","duration":233.47520000000077,"failureMessages":[],"meta":{}},{"ancestorTitles":["UserForm","Submit Behavior"],"fullName":"UserForm Submit Behavior should show loading text while submitting","status":"passed","title":"should show loading text while submitting","duration":201.16330099999868,"failureMessages":[],"meta":{}},{"ancestorTitles":["UserForm","Submit Behavior"],"fullName":"UserForm Submit Behavior should disable submit when username is not available","status":"passed","title":"should disable submit when username is not available","duration":132.38510099999985,"failureMessages":[],"meta":{}},{"ancestorTitles":["UserForm","Cancel Behavior"],"fullName":"UserForm Cancel Behavior should dispatch cancel event when cancel button clicked","status":"passed","title":"should dispatch cancel event when cancel button clicked","duration":16.1262999999999,"failureMessages":[],"meta":{}},{"ancestorTitles":["UserForm","Cancel Behavior"],"fullName":"UserForm Cancel Behavior should disable cancel button while submitting","status":"passed","title":"should disable cancel button while submitting","duration":176.00620100000015,"failureMessages":[],"meta":{}},{"ancestorTitles":["UserForm","Accessibility"],"fullName":"UserForm Accessibility should have proper label associations","status":"passed","title":"should have proper label associations","duration":22.199800000000323,"failureMessages":[],"meta":{}},{"ancestorTitles":["UserForm","Accessibility"],"fullName":"UserForm Accessibility should mark required fields with asterisk","status":"passed","title":"should mark required fields with asterisk","duration":22.599599999999555,"failureMessages":[],"meta":{}},{"ancestorTitles":["UserForm","Accessibility"],"fullName":"UserForm Accessibility should have required attribute on required fields","status":"passed","title":"should have required attribute on required fields","duration":21.6237000000001,"failureMessages":[],"meta":{}},{"ancestorTitles":["UserForm","Edge Cases"],"fullName":"UserForm Edge Cases should handle user with null phone number","status":"passed","title":"should handle user with null phone number","duration":14.41490000000158,"failureMessages":[],"meta":{}},{"ancestorTitles":["UserForm","Edge Cases"],"fullName":"UserForm Edge Cases should handle empty roles array","status":"passed","title":"should handle empty roles array","duration":11.240200000000186,"failureMessages":[],"meta":{}},{"ancestorTitles":["UserForm","Edge Cases"],"fullName":"UserForm Edge Cases should trim whitespace from text inputs on submit","status":"passed","title":"should trim whitespace from text inputs on submit","duration":180.7318009999999,"failureMessages":[],"meta":{}}],"startTime":1761370086273,"endTime":1761370147771.7317,"status":"failed","message":"","name":"/home/user/ccpvj/Front/src/lib/presentation/components/users/__tests__/UserForm.svelte.test.ts"},{"assertionResults":[{"ancestorTitles":["UserList","Rendering"],"fullName":"UserList Rendering should render with provided users","status":"passed","title":"should render with provided users","duration":256.2306010000002,"failureMessages":[],"meta":{}},{"ancestorTitles":["UserList","Rendering"],"fullName":"UserList Rendering should fetch users if none provided","status":"passed","title":"should fetch users if none provided","duration":55.4469009999998,"failureMessages":[],"meta":{}},{"ancestorTitles":["UserList","Rendering"],"fullName":"UserList Rendering should show filters when showFilters is true","status":"passed","title":"should show filters when showFilters is true","duration":35.48230000000012,"failureMessages":[],"meta":{}},{"ancestorTitles":["UserList","Rendering"],"fullName":"UserList Rendering should hide filters when showFilters is false","status":"passed","title":"should hide filters when showFilters is false","duration":19.39319999999998,"failureMessages":[],"meta":{}},{"ancestorTitles":["UserList","Rendering"],"fullName":"UserList Rendering should show create button when showCreateButton is true","status":"passed","title":"should show create button when showCreateButton is true","duration":51.364300000000185,"failureMessages":[],"meta":{}},{"ancestorTitles":["UserList","Search and Filters"],"fullName":"UserList Search and Filters should filter by search term","status":"passed","title":"should filter by search term","duration":47.63270000000011,"failureMessages":[],"meta":{}},{"ancestorTitles":["UserList","Search and Filters"],"fullName":"UserList Search and Filters should filter by role","status":"passed","title":"should filter by role","duration":314.79780200000005,"failureMessages":[],"meta":{}},{"ancestorTitles":["UserList","Search and Filters"],"fullName":"UserList Search and Filters should filter by status","status":"passed","title":"should filter by status","duration":150.5340000000001,"failureMessages":[],"meta":{}},{"ancestorTitles":["UserList","Search and Filters"],"fullName":"UserList Search and Filters should sort by name","status":"passed","title":"should sort by name","duration":197.501401,"failureMessages":[],"meta":{}},{"ancestorTitles":["UserList","User Display"],"fullName":"UserList User Display should display user initials","status":"passed","title":"should display user initials","duration":43.816899999999805,"failureMessages":[],"meta":{}},{"ancestorTitles":["UserList","User Display"],"fullName":"UserList User Display should display user role badge","status":"passed","title":"should display user role badge","duration":63.66390000000001,"failureMessages":[],"meta":{}},{"ancestorTitles":["UserList","User Display"],"fullName":"UserList User Display should display active status","status":"passed","title":"should display active status","duration":43.49820099999988,"failureMessages":[],"meta":{}},{"ancestorTitles":["UserList","User Display"],"fullName":"UserList User Display should display phone if available","status":"passed","title":"should display phone if available","duration":39.50559999999996,"failureMessages":[],"meta":{}},{"ancestorTitles":["UserList","Actions"],"fullName":"UserList Actions should dispatch editUser event","status":"passed","title":"should dispatch editUser event","duration":93.1268,"failureMessages":[],"meta":{}},{"ancestorTitles":["UserList","Actions"],"fullName":"UserList Actions should dispatch deleteUser event with confirmation","status":"passed","title":"should dispatch deleteUser event with confirmation","duration":52.6857,"failureMessages":[],"meta":{}},{"ancestorTitles":["UserList","Actions"],"fullName":"UserList Actions should dispatch toggleUser event","status":"passed","title":"should dispatch toggleUser event","duration":76.34100099999978,"failureMessages":[],"meta":{}},{"ancestorTitles":["UserList","Actions"],"fullName":"UserList Actions should dispatch resetPassword event","status":"passed","title":"should dispatch resetPassword event","duration":47.80670000000009,"failureMessages":[],"meta":{}},{"ancestorTitles":["UserList","Permissions"],"fullName":"UserList Permissions should show edit button for admin on all users","status":"passed","title":"should show edit button for admin on all users","duration":72.45629999999983,"failureMessages":[],"meta":{}},{"ancestorTitles":["UserList","Permissions"],"fullName":"UserList Permissions should hide delete button for non-admin users","status":"passed","title":"should hide delete button for non-admin users","duration":50.74229999999989,"failureMessages":[],"meta":{}},{"ancestorTitles":["UserList","Permissions"],"fullName":"UserList Permissions should not show delete button for admin users","status":"passed","title":"should not show delete button for admin users","duration":20.13880000000063,"failureMessages":[],"meta":{}},{"ancestorTitles":["UserList","Loading and Error States"],"fullName":"UserList Loading and Error States should show loading state","status":"passed","title":"should show loading state","duration":29.164200999999593,"failureMessages":[],"meta":{}},{"ancestorTitles":["UserList","Loading and Error States"],"fullName":"UserList Loading and Error States should show error state","status":"passed","title":"should show error state","duration":41.4945000000007,"failureMessages":[],"meta":{}},{"ancestorTitles":["UserList","Loading and Error States"],"fullName":"UserList Loading and Error States should retry on error","status":"passed","title":"should retry on error","duration":41.1845000000003,"failureMessages":[],"meta":{}},{"ancestorTitles":["UserList","Loading and Error States"],"fullName":"UserList Loading and Error States should show empty state","status":"passed","title":"should show empty state","duration":23.658400000000256,"failureMessages":[],"meta":{}},{"ancestorTitles":["UserList","Limit"],"fullName":"UserList Limit should respect limit prop","status":"passed","title":"should respect limit prop","duration":28.453099999999722,"failureMessages":[],"meta":{}},{"ancestorTitles":["UserList","Limit"],"fullName":"UserList Limit should show all users when limit is 0","status":"passed","title":"should show all users when limit is 0","duration":41.36689999999999,"failureMessages":[],"meta":{}}],"startTime":1761370147716,"endTime":1761370149655.367,"status":"passed","message":"","name":"/home/user/ccpvj/Front/src/lib/presentation/components/users/__tests__/UserList.svelte.test.ts"}]}